<?xml version="1.0" encoding="UTF-8"?>
<!-- Generated by org.testng.reporters.JUnitXMLReporter -->
<testsuite hostname="navinhamarsimac.lan" ignored="0" name="LandingPageTests" tests="4" failures="0" timestamp="23 Mar 2020 01:08:47 GMT" time="12.289" errors="0">
  <testcase name="coursesNavigationBarTest" time="0.04" classname="com.org.selenium.tests.LandingPageTest"/>
  <testcase name="homeNavigationBarTest" time="0.031" classname="com.org.selenium.tests.LandingPageTest"/>
  <testcase name="landingPageNavigationTest" time="6.719" classname="com.org.selenium.tests.LandingPageTest"/>
  <testcase name="videosNavigationBarTest" time="0.036" classname="com.org.selenium.tests.LandingPageTest"/>
</testsuite> <!-- LandingPageTests -->
