<?xml version="1.0" encoding="UTF-8"?>
<!-- Generated by org.testng.reporters.JUnitXMLReporter -->
<testsuite hostname="navinhamarsimac.lan" ignored="0" name="LoginPageTests" tests="3" failures="0" timestamp="23 Mar 2020 01:09:04 GMT" time="16.79" errors="0">
  <testcase name="baseTest" time="7.854" classname="com.org.selenium.tests.LoginTest"/>
  <testcase name="baseTest" time="3.847" classname="com.org.selenium.tests.LoginTest"/>
  <testcase name="baseTest" time="4.154" classname="com.org.selenium.tests.LoginTest"/>
</testsuite> <!-- LoginPageTests -->
