<?xml version="1.0" encoding="UTF-8"?>
<testsuite xmlns:xsi="http://www.w3.org/2001/XMLSchema-instance" xsi:noNamespaceSchemaLocation="https://maven.apache.org/surefire/maven-surefire-plugin/xsd/surefire-test-report-3.0.xsd" version="3.0" name="TestSuite" time="26.077" tests="7" errors="0" skipped="0" failures="0">
  <properties>
[...]
</properties>
  <testcase name="coursesNavigationBarTest" classname="com.org.selenium.tests.LandingPageTest" time="0.029"/>
  <testcase name="homeNavigationBarTest" classname="com.org.selenium.tests.LandingPageTest" time="0.022"/>
  <testcase name="landingPageNavigationTest" classname="com.org.selenium.tests.LandingPageTest" time="7.559"/>
  <testcase name="videosNavigationBarTest" classname="com.org.selenium.tests.LandingPageTest" time="0.022"/>
  <testcase name="baseTest" classname="com.org.selenium.tests.LoginTest" time="6.216"/>
  <testcase name="baseTest" classname="com.org.selenium.tests.LoginTest" time="3.481"/>
  <testcase name="baseTest" classname="com.org.selenium.tests.LoginTest" time="3.013"/>
</testsuite>