<?xml version="1.0" encoding="UTF-8"?>
<!-- Generated by org.testng.reporters.JUnitXMLReporter -->
<testsuite hostname="navinhamarsimac.lan" ignored="0" name="Default test" tests="4" failures="0" timestamp="22 Mar 2020 20:47:59 GMT" time="11.808" errors="0">
  <testcase name="coursesNavigationBarTest" time="0.038" classname="com.org.selenium.tests.LandingPageTest"/>
  <testcase name="homeNavigationBarTest" time="0.025" classname="com.org.selenium.tests.LandingPageTest"/>
  <testcase name="landingPageNavigationTest" time="6.852" classname="com.org.selenium.tests.LandingPageTest"/>
  <testcase name="videosNavigationBarTest" time="0.026" classname="com.org.selenium.tests.LandingPageTest"/>
</testsuite> <!-- Default test -->
