<?xml version="1.0" encoding="UTF-8"?>
<!-- Generated by org.testng.reporters.JUnitXMLReporter -->
<testsuite hostname="navinhamarsimac.lan" ignored="0" name="LandingPageTests" tests="4" failures="0" timestamp="22 Mar 2020 05:36:22 GMT" time="11.968" errors="0">
  <testcase name="coursesNavigationBarTest" time="0.029" classname="com.org.selenium.tests.LandingPageTest"/>
  <testcase name="homeNavigationBarTest" time="0.023" classname="com.org.selenium.tests.LandingPageTest"/>
  <testcase name="landingPageNavigationTest" time="7.558" classname="com.org.selenium.tests.LandingPageTest"/>
  <testcase name="videosNavigationBarTest" time="0.022" classname="com.org.selenium.tests.LandingPageTest"/>
</testsuite> <!-- LandingPageTests -->
