<?xml version="1.0" encoding="UTF-8"?>
<!-- Generated by org.testng.reporters.JUnitXMLReporter -->
<testsuite hostname="navinhamarsimac.lan" ignored="0" name="LoginPageTests" tests="3" failures="0" timestamp="22 Mar 2020 05:36:35 GMT" time="13.595" errors="0">
  <testcase name="baseTest" time="6.216" classname="com.org.selenium.tests.LoginTest"/>
  <testcase name="baseTest" time="3.48" classname="com.org.selenium.tests.LoginTest"/>
  <testcase name="baseTest" time="3.013" classname="com.org.selenium.tests.LoginTest"/>
</testsuite> <!-- LoginPageTests -->
